app/build/outputs/logs/manifest-merger-debug-report.txt
-- Merging decision tree log ---
manifest
ADDED from src\main\AndroidManifest.xml:2:1-101:12
	xmlns:android
		ADDED from src\main\AndroidManifest.xml:2:11-69
	package
		ADDED from src\main\AndroidManifest.xml:3:5-37
		INJECTED from src\main\AndroidManifest.xml
		INJECTED from src\main\AndroidManifest.xml
	android:versionName
		ADDED from src\main\AndroidManifest.xml:5:5-30
		INJECTED from src\main\AndroidManifest.xml
		INJECTED from src\main\AndroidManifest.xml
	android:versionCode
		ADDED from src\main\AndroidManifest.xml:4:5-28
		INJECTED from src\main\AndroidManifest.xml
		INJECTED from src\main\AndroidManifest.xml
uses-sdk
ADDED from src\main\AndroidManifest.xml:7:5-9:41
MERGED from [com.google.android.gms:play-services-maps:8.4.0] AndroidManifest.xml:26:5-42
MERGED from [com.google.android.gms:play-services-base:8.4.0] AndroidManifest.xml:18:5-42
MERGED from [com.google.android.gms:play-services-basement:8.4.0] AndroidManifest.xml:18:5-42
MERGED from [com.android.support:support-v4:23.0.0] AndroidManifest.xml:20:5-43
MERGED from [Field-Work:OpenATKLib:unspecified] AndroidManifest.xml:7:5-9:41
MERGED from [com.android.support:support-v4:23.0.0] AndroidManifest.xml:20:5-43
MERGED from [com.google.android.gms:play-services-maps:8.4.0] AndroidManifest.xml:26:5-42
MERGED from [com.google.android.gms:play-services-base:8.4.0] AndroidManifest.xml:18:5-42
MERGED from [com.google.android.gms:play-services-basement:8.4.0] AndroidManifest.xml:18:5-42
MERGED from [com.android.support:support-v4:23.0.0] AndroidManifest.xml:20:5-43
	android:targetSdkVersion
		ADDED from src\main\AndroidManifest.xml:9:9-38
		INJECTED from src\main\AndroidManifest.xml
		INJECTED from src\main\AndroidManifest.xml
	android:minSdkVersion
		ADDED from src\main\AndroidManifest.xml:8:9-35
		INJECTED from src\main\AndroidManifest.xml
		INJECTED from src\main\AndroidManifest.xml
permission#com.openatk.field_work.permission.MAPS_RECEIVE
ADDED from src\main\AndroidManifest.xml:11:5-13:47
	android:protectionLevel
		ADDED from src\main\AndroidManifest.xml:13:9-44
	android:name
		ADDED from src\main\AndroidManifest.xml:12:9-70
uses-feature#0x00020000
ADDED from src\main\AndroidManifest.xml:15:5-17:35
MERGED from [com.google.android.gms:play-services-maps:8.4.0] AndroidManifest.xml:22:5-24:33
MERGED from [com.google.android.gms:play-services-maps:8.4.0] AndroidManifest.xml:22:5-24:33
	android:required
		ADDED from src\main\AndroidManifest.xml:17:9-32
	android:glEsVersion
		ADDED from src\main\AndroidManifest.xml:16:9-41
uses-permission#android.permission.ACCESS_COARSE_LOCATION
ADDED from src\main\AndroidManifest.xml:19:5-81
MERGED from [Field-Work:OpenATKLib:unspecified] AndroidManifest.xml:11:5-81
	android:name
		ADDED from src\main\AndroidManifest.xml:19:22-78
uses-permission#android.permission.ACCESS_FINE_LOCATION
ADDED from src\main\AndroidManifest.xml:20:5-79
	android:name
		ADDED from src\main\AndroidManifest.xml:20:22-76
uses-permission#android.permission.ACCESS_NETWORK_STATE
ADDED from src\main\AndroidManifest.xml:21:5-79
MERGED from [com.google.android.gms:play-services-maps:8.4.0] AndroidManifest.xml:20:5-78
MERGED from [com.google.android.gms:play-services-maps:8.4.0] AndroidManifest.xml:20:5-78
	android:name
		ADDED from src\main\AndroidManifest.xml:21:22-76
uses-permission#android.permission.INTERNET
ADDED from src\main\AndroidManifest.xml:22:5-67
MERGED from [com.google.android.gms:play-services-maps:8.4.0] AndroidManifest.xml:21:5-66
MERGED from [com.google.android.gms:play-services-maps:8.4.0] AndroidManifest.xml:21:5-66
	android:name
		ADDED from src\main\AndroidManifest.xml:22:22-64
uses-permission#android.permission.ACCESS_WIFI_STATE
ADDED from src\main\AndroidManifest.xml:23:5-76
	android:name
		ADDED from src\main\AndroidManifest.xml:23:22-73
uses-permission#android.permission.WRITE_EXTERNAL_STORAGE
ADDED from src\main\AndroidManifest.xml:25:5-81
	android:name
		ADDED from src\main\AndroidManifest.xml:25:22-78
uses-permission#com.google.android.providers.gsf.permission.READ_GSERVICES
ADDED from src\main\AndroidManifest.xml:26:5-98
	android:name
		ADDED from src\main\AndroidManifest.xml:26:22-95
uses-permission#com.openatk.field_work.permission.MAPS_RECEIVE
ADDED from src\main\AndroidManifest.xml:27:5-86
	android:name
		ADDED from src\main\AndroidManifest.xml:27:22-83
uses-permission#android.permission.READ_SYNC_SETTINGS
ADDED from src\main\AndroidManifest.xml:28:5-77
	android:name
		ADDED from src\main\AndroidManifest.xml:28:22-74
uses-permission#android.permission.WRITE_SYNC_SETTINGS
ADDED from src\main\AndroidManifest.xml:29:5-78
	android:name
		ADDED from src\main\AndroidManifest.xml:29:22-75
uses-permission#android.permission.READ_PHONE_STATE
ADDED from src\main\AndroidManifest.xml:30:5-75
	android:name
		ADDED from src\main\AndroidManifest.xml:30:22-72
uses-permission#android.permission.READ_EXTERNAL_STORAGE
ADDED from src\main\AndroidManifest.xml:31:5-80
	android:name
		ADDED from src\main\AndroidManifest.xml:31:22-77
application
ADDED from src\main\AndroidManifest.xml:33:5-99:19
MERGED from [com.google.android.gms:play-services-maps:8.4.0] AndroidManifest.xml:27:5-20
MERGED from [com.google.android.gms:play-services-basement:8.4.0] AndroidManifest.xml:20:5-24:19
MERGED from [com.android.support:support-v4:23.0.0] AndroidManifest.xml:22:5-20
MERGED from [Field-Work:OpenATKLib:unspecified] AndroidManifest.xml:13:5-17:19
MERGED from [com.android.support:support-v4:23.0.0] AndroidManifest.xml:22:5-20
MERGED from [com.google.android.gms:play-services-maps:8.4.0] AndroidManifest.xml:27:5-20
MERGED from [com.google.android.gms:play-services-basement:8.4.0] AndroidManifest.xml:20:5-24:19
MERGED from [com.android.support:support-v4:23.0.0] AndroidManifest.xml:22:5-20
	android:label
		ADDED from src\main\AndroidManifest.xml:37:9-41
	android:allowBackup
		ADDED from src\main\AndroidManifest.xml:34:9-35
	android:icon
		ADDED from src\main\AndroidManifest.xml:36:9-42
	android:theme
		ADDED from src\main\AndroidManifest.xml:38:9-40
	android:hardwareAccelerated
		ADDED from src\main\AndroidManifest.xml:35:9-43
activity#com.openatk.field_work.MainActivity
ADDED from src\main\AndroidManifest.xml:49:9-65:20
	android:windowSoftInputMode
		ADDED from src\main\AndroidManifest.xml:52:13-73
	android:label
		ADDED from src\main\AndroidManifest.xml:51:13-45
	android:name
		ADDED from src\main\AndroidManifest.xml:50:13-41
intent-filter#android.intent.action.MAIN+android.intent.category.LAUNCHER
ADDED from src\main\AndroidManifest.xml:53:13-57:29
action#android.intent.action.MAIN
ADDED from src\main\AndroidManifest.xml:54:17-69
	android:name
		ADDED from src\main\AndroidManifest.xml:54:25-66
category#android.intent.category.LAUNCHER
ADDED from src\main\AndroidManifest.xml:56:17-77
	android:name
		ADDED from src\main\AndroidManifest.xml:56:27-74
intent-filter#android.intent.action.SEND+android.intent.category.DEFAULT
ADDED from src\main\AndroidManifest.xml:58:13-64:29
action#android.intent.action.SEND
ADDED from src\main\AndroidManifest.xml:61:17-69
	android:name
		ADDED from src\main\AndroidManifest.xml:61:25-66
category#android.intent.category.DEFAULT
ADDED from src\main\AndroidManifest.xml:63:17-76
	android:name
		ADDED from src\main\AndroidManifest.xml:63:27-73
meta-data#com.google.android.maps.v2.API_KEY
ADDED from src\main\AndroidManifest.xml:68:9-70:71
	android:name
		ADDED from src\main\AndroidManifest.xml:69:13-62
	android:value
		ADDED from src\main\AndroidManifest.xml:70:13-68
meta-data#com.google.android.gms.version
ADDED from src\main\AndroidManifest.xml:79:9-81:69
MERGED from [com.google.android.gms:play-services-basement:8.4.0] AndroidManifest.xml:21:9-23:69
MERGED from [com.google.android.gms:play-services-basement:8.4.0] AndroidManifest.xml:21:9-23:69
	android:name
		ADDED from src\main\AndroidManifest.xml:80:13-58
	android:value
		ADDED from src\main\AndroidManifest.xml:81:13-66
activity#com.openatk.field_work.selectFarmer
ADDED from src\main\AndroidManifest.xml:83:9-86:20
	android:label
		ADDED from src\main\AndroidManifest.xml:85:13-65
	android:name
		ADDED from src\main\AndroidManifest.xml:84:13-41
activity#com.openatk.field_work.FarmerMenu
ADDED from src\main\AndroidManifest.xml:87:9-90:20
	android:label
		ADDED from src\main\AndroidManifest.xml:89:13-63
	android:name
		ADDED from src\main\AndroidManifest.xml:88:13-39
activity#com.openatk.field_work.farmerProfile
ADDED from src\main\AndroidManifest.xml:91:9-94:20
	android:label
		ADDED from src\main\AndroidManifest.xml:93:13-66
	android:name
		ADDED from src\main\AndroidManifest.xml:92:13-42
activity#com.openatk.field_work.BaseDetails
ADDED from src\main\AndroidManifest.xml:95:9-98:20
	android:label
		ADDED from src\main\AndroidManifest.xml:97:13-64
	android:name
		ADDED from src\main\AndroidManifest.xml:96:13-40